c:\00 michael\05 downloads\repository\concurrency\debug\vc142.pdb
c:\00 michael\05 downloads\repository\concurrency\debug\vc142.idb
c:\00 michael\05 downloads\repository\concurrency\debug\listing_2.2.obj
c:\00 michael\05 downloads\repository\concurrency\debug\listing_2.1.obj
c:\00 michael\05 downloads\repository\concurrency\debug\listing_2.3.obj
c:\00 michael\05 downloads\repository\concurrency\debug\listing_2.4.obj
c:\00 michael\05 downloads\repository\concurrency\debug\listing_2.5.obj
c:\00 michael\05 downloads\repository\concurrency\debug\listing_2.7.obj
c:\00 michael\05 downloads\repository\concurrency\debug\listing_2.8.obj
c:\00 michael\05 downloads\repository\concurrency\debug\listing_2.6.obj
c:\00 michael\05 downloads\repository\concurrency\debug\source.obj
c:\00 michael\05 downloads\repository\concurrency\debug\concurrency.exe
c:\00 michael\05 downloads\repository\concurrency\debug\concurrency.ilk
c:\00 michael\05 downloads\repository\concurrency\debug\concurrency.pdb
c:\00 michael\05 downloads\repository\concurrency\debug\concurrency.tlog\cl.command.1.tlog
c:\00 michael\05 downloads\repository\concurrency\debug\concurrency.tlog\cl.read.1.tlog
c:\00 michael\05 downloads\repository\concurrency\debug\concurrency.tlog\cl.write.1.tlog
c:\00 michael\05 downloads\repository\concurrency\debug\concurrency.tlog\link.command.1.tlog
c:\00 michael\05 downloads\repository\concurrency\debug\concurrency.tlog\link.read.1.tlog
c:\00 michael\05 downloads\repository\concurrency\debug\concurrency.tlog\link.write.1.tlog
